2018-04-18 13:20:14,057 - Log4JLogChute initialized using file 'velocity.log'
2018-04-18 13:20:14,057 - Velocity was not initialized! Calling init()...
2018-04-18 13:20:14,057 - Starting Apache Velocity v1.5 (compiled: 2007-02-22 08:52:29)
2018-04-18 13:20:14,057 - Default Properties File: org/apache/velocity/runtime/defaults/velocity.properties
2018-04-18 13:20:14,057 - Trying to use logger class org.apache.velocity.runtime.log.AvalonLogChute
2018-04-18 13:20:14,057 - Couldn't find class org.apache.velocity.runtime.log.AvalonLogChute or necessary supporting classes in classpath.
java.lang.NoClassDefFoundError: org/apache/log/format/Formatter
	at java.lang.Class.forName0(Native Method)
	at java.lang.Class.forName(Class.java:348)
	at org.apache.velocity.util.ClassUtils.getClass(ClassUtils.java:63)
	at org.apache.velocity.util.ClassUtils.getNewInstance(ClassUtils.java:95)
	at org.apache.velocity.runtime.log.LogManager.createLogChute(LogManager.java:147)
	at org.apache.velocity.runtime.log.LogManager.updateLog(LogManager.java:208)
	at org.apache.velocity.runtime.RuntimeInstance.initializeLog(RuntimeInstance.java:728)
	at org.apache.velocity.runtime.RuntimeInstance.init(RuntimeInstance.java:240)
	at org.apache.velocity.runtime.RuntimeInstance.parse(RuntimeInstance.java:993)
	at org.apache.velocity.runtime.RuntimeInstance.parse(RuntimeInstance.java:972)
	at org.apache.velocity.runtime.RuntimeSingleton.parse(RuntimeSingleton.java:265)
	at org.apache.velocity.app.Velocity.evaluate(Velocity.java:274)
	at org.sonatype.mavenbook.weather.WeatherFormatter.format(WeatherFormatter.java:21)
	at org.sonatype.mavenbook.weather.Main.start(Main.java:38)
	at org.sonatype.mavenbook.weather.Main.main(Main.java:21)
	at sun.reflect.NativeMethodAccessorImpl.invoke0(Native Method)
	at sun.reflect.NativeMethodAccessorImpl.invoke(NativeMethodAccessorImpl.java:62)
	at sun.reflect.DelegatingMethodAccessorImpl.invoke(DelegatingMethodAccessorImpl.java:43)
	at java.lang.reflect.Method.invoke(Method.java:498)
	at org.codehaus.mojo.exec.ExecJavaMojo$1.run(ExecJavaMojo.java:282)
	at java.lang.Thread.run(Thread.java:748)
Caused by: java.lang.ClassNotFoundException: org.apache.log.format.Formatter
	at java.net.URLClassLoader.findClass(URLClassLoader.java:381)
	at java.lang.ClassLoader.loadClass(ClassLoader.java:424)
	at java.lang.ClassLoader.loadClass(ClassLoader.java:357)
	... 21 more
2018-04-18 13:20:14,059 - Trying to use logger class org.apache.velocity.runtime.log.Log4JLogChute
2018-04-18 13:20:14,059 - Using logger class org.apache.velocity.runtime.log.Log4JLogChute
2018-04-18 13:20:14,060 - Default ResourceManager initializing. (class org.apache.velocity.runtime.resource.ResourceManagerImpl)
2018-04-18 13:20:14,083 - ResourceLoader instantiated: org.apache.velocity.runtime.resource.loader.FileResourceLoader
2018-04-18 13:20:14,083 - Do unicode file recognition:  false
2018-04-18 13:20:14,084 - FileResourceLoader : adding path '.'
2018-04-18 13:20:14,090 - ResourceCache: initialized (class org.apache.velocity.runtime.resource.ResourceCacheImpl)
2018-04-18 13:20:14,091 - Loaded System Directive: org.apache.velocity.runtime.directive.Literal
2018-04-18 13:20:14,103 - Loaded System Directive: org.apache.velocity.runtime.directive.Macro
2018-04-18 13:20:14,104 - Loaded System Directive: org.apache.velocity.runtime.directive.Parse
2018-04-18 13:20:14,105 - Loaded System Directive: org.apache.velocity.runtime.directive.Include
2018-04-18 13:20:14,105 - Loaded System Directive: org.apache.velocity.runtime.directive.Foreach
2018-04-18 13:20:14,122 - Created '20' parsers.
2018-04-18 13:20:14,138 - Velocimacro : "velocimacro.library" is not set.  Trying default library: VM_global_library.vm
2018-04-18 13:20:14,139 - Velocimacro : Default library not found.
2018-04-18 13:20:14,139 - Velocimacro : allowInline = true : VMs can be defined inline in templates
2018-04-18 13:20:14,139 - Velocimacro : allowInlineToOverride = false : VMs defined inline may NOT replace previous VM definitions
2018-04-18 13:20:14,139 - Velocimacro : allowInlineLocal = false : VMs defined inline will be global in scope if allowed.
2018-04-18 13:20:14,139 - Velocimacro : autoload off : VM system will not automatically reload global library macros
2018-04-18 13:29:43,192 - Log4JLogChute initialized using file 'velocity.log'
2018-04-18 13:29:43,193 - Velocity was not initialized! Calling init()...
2018-04-18 13:29:43,193 - Starting Apache Velocity v1.5 (compiled: 2007-02-22 08:52:29)
2018-04-18 13:29:43,193 - Default Properties File: org/apache/velocity/runtime/defaults/velocity.properties
2018-04-18 13:29:43,193 - Trying to use logger class org.apache.velocity.runtime.log.AvalonLogChute
2018-04-18 13:29:43,193 - Couldn't find class org.apache.velocity.runtime.log.AvalonLogChute or necessary supporting classes in classpath.
java.lang.NoClassDefFoundError: org/apache/log/format/Formatter
	at java.lang.Class.forName0(Native Method)
	at java.lang.Class.forName(Class.java:348)
	at org.apache.velocity.util.ClassUtils.getClass(ClassUtils.java:63)
	at org.apache.velocity.util.ClassUtils.getNewInstance(ClassUtils.java:95)
	at org.apache.velocity.runtime.log.LogManager.createLogChute(LogManager.java:147)
	at org.apache.velocity.runtime.log.LogManager.updateLog(LogManager.java:208)
	at org.apache.velocity.runtime.RuntimeInstance.initializeLog(RuntimeInstance.java:728)
	at org.apache.velocity.runtime.RuntimeInstance.init(RuntimeInstance.java:240)
	at org.apache.velocity.runtime.RuntimeInstance.parse(RuntimeInstance.java:993)
	at org.apache.velocity.runtime.RuntimeInstance.parse(RuntimeInstance.java:972)
	at org.apache.velocity.runtime.RuntimeSingleton.parse(RuntimeSingleton.java:265)
	at org.apache.velocity.app.Velocity.evaluate(Velocity.java:274)
	at org.sonatype.mavenbook.weather.WeatherFormatter.format(WeatherFormatter.java:21)
	at org.sonatype.mavenbook.weather.Main.start(Main.java:38)
	at org.sonatype.mavenbook.weather.Main.main(Main.java:21)
	at sun.reflect.NativeMethodAccessorImpl.invoke0(Native Method)
	at sun.reflect.NativeMethodAccessorImpl.invoke(NativeMethodAccessorImpl.java:62)
	at sun.reflect.DelegatingMethodAccessorImpl.invoke(DelegatingMethodAccessorImpl.java:43)
	at java.lang.reflect.Method.invoke(Method.java:498)
	at org.codehaus.mojo.exec.ExecJavaMojo$1.run(ExecJavaMojo.java:282)
	at java.lang.Thread.run(Thread.java:748)
Caused by: java.lang.ClassNotFoundException: org.apache.log.format.Formatter
	at java.net.URLClassLoader.findClass(URLClassLoader.java:381)
	at java.lang.ClassLoader.loadClass(ClassLoader.java:424)
	at java.lang.ClassLoader.loadClass(ClassLoader.java:357)
	... 21 more
2018-04-18 13:29:43,194 - Trying to use logger class org.apache.velocity.runtime.log.Log4JLogChute
2018-04-18 13:29:43,194 - Using logger class org.apache.velocity.runtime.log.Log4JLogChute
2018-04-18 13:29:43,195 - Default ResourceManager initializing. (class org.apache.velocity.runtime.resource.ResourceManagerImpl)
2018-04-18 13:29:43,212 - ResourceLoader instantiated: org.apache.velocity.runtime.resource.loader.FileResourceLoader
2018-04-18 13:29:43,212 - Do unicode file recognition:  false
2018-04-18 13:29:43,213 - FileResourceLoader : adding path '.'
2018-04-18 13:29:43,219 - ResourceCache: initialized (class org.apache.velocity.runtime.resource.ResourceCacheImpl)
2018-04-18 13:29:43,220 - Loaded System Directive: org.apache.velocity.runtime.directive.Literal
2018-04-18 13:29:43,221 - Loaded System Directive: org.apache.velocity.runtime.directive.Macro
2018-04-18 13:29:43,222 - Loaded System Directive: org.apache.velocity.runtime.directive.Parse
2018-04-18 13:29:43,234 - Loaded System Directive: org.apache.velocity.runtime.directive.Include
2018-04-18 13:29:43,234 - Loaded System Directive: org.apache.velocity.runtime.directive.Foreach
2018-04-18 13:29:43,263 - Created '20' parsers.
2018-04-18 13:29:43,273 - Velocimacro : "velocimacro.library" is not set.  Trying default library: VM_global_library.vm
2018-04-18 13:29:43,273 - Velocimacro : Default library not found.
2018-04-18 13:29:43,273 - Velocimacro : allowInline = true : VMs can be defined inline in templates
2018-04-18 13:29:43,273 - Velocimacro : allowInlineToOverride = false : VMs defined inline may NOT replace previous VM definitions
2018-04-18 13:29:43,273 - Velocimacro : allowInlineLocal = false : VMs defined inline will be global in scope if allowed.
2018-04-18 13:29:43,273 - Velocimacro : autoload off : VM system will not automatically reload global library macros
2018-04-21 23:28:39,589 - Log4JLogChute initialized using file 'velocity.log'
2018-04-21 23:28:39,590 - Velocity was not initialized! Calling init()...
2018-04-21 23:28:39,590 - Starting Apache Velocity v1.5 (compiled: 2007-02-22 08:52:29)
2018-04-21 23:28:39,590 - Default Properties File: org/apache/velocity/runtime/defaults/velocity.properties
2018-04-21 23:28:39,590 - Trying to use logger class org.apache.velocity.runtime.log.AvalonLogChute
2018-04-21 23:28:39,591 - Couldn't find class org.apache.velocity.runtime.log.AvalonLogChute or necessary supporting classes in classpath.
java.lang.NoClassDefFoundError: org/apache/log/format/Formatter
	at java.lang.Class.forName0(Native Method)
	at java.lang.Class.forName(Class.java:348)
	at org.apache.velocity.util.ClassUtils.getClass(ClassUtils.java:63)
	at org.apache.velocity.util.ClassUtils.getNewInstance(ClassUtils.java:95)
	at org.apache.velocity.runtime.log.LogManager.createLogChute(LogManager.java:147)
	at org.apache.velocity.runtime.log.LogManager.updateLog(LogManager.java:208)
	at org.apache.velocity.runtime.RuntimeInstance.initializeLog(RuntimeInstance.java:728)
	at org.apache.velocity.runtime.RuntimeInstance.init(RuntimeInstance.java:240)
	at org.apache.velocity.runtime.RuntimeInstance.parse(RuntimeInstance.java:993)
	at org.apache.velocity.runtime.RuntimeInstance.parse(RuntimeInstance.java:972)
	at org.apache.velocity.runtime.RuntimeSingleton.parse(RuntimeSingleton.java:265)
	at org.apache.velocity.app.Velocity.evaluate(Velocity.java:274)
	at org.sonatype.mavenbook.weather.WeatherFormatter.format(WeatherFormatter.java:21)
	at org.sonatype.mavenbook.weather.WeatherFormatterTest.testFormat(WeatherFormatterTest.java:23)
	at sun.reflect.NativeMethodAccessorImpl.invoke0(Native Method)
	at sun.reflect.NativeMethodAccessorImpl.invoke(NativeMethodAccessorImpl.java:62)
	at sun.reflect.DelegatingMethodAccessorImpl.invoke(DelegatingMethodAccessorImpl.java:43)
	at java.lang.reflect.Method.invoke(Method.java:498)
	at junit.framework.TestCase.runTest(TestCase.java:176)
	at junit.framework.TestCase.runBare(TestCase.java:141)
	at junit.framework.TestResult$1.protect(TestResult.java:122)
	at junit.framework.TestResult.runProtected(TestResult.java:142)
	at junit.framework.TestResult.run(TestResult.java:125)
	at junit.framework.TestCase.run(TestCase.java:129)
	at junit.framework.TestSuite.runTest(TestSuite.java:255)
	at junit.framework.TestSuite.run(TestSuite.java:250)
	at org.junit.internal.runners.JUnit38ClassRunner.run(JUnit38ClassRunner.java:84)
	at org.apache.maven.surefire.junit4.JUnit4Provider.execute(JUnit4Provider.java:369)
	at org.apache.maven.surefire.junit4.JUnit4Provider.executeWithRerun(JUnit4Provider.java:275)
	at org.apache.maven.surefire.junit4.JUnit4Provider.executeTestSet(JUnit4Provider.java:239)
	at org.apache.maven.surefire.junit4.JUnit4Provider.invoke(JUnit4Provider.java:160)
	at org.apache.maven.surefire.booter.ForkedBooter.invokeProviderInSameClassLoader(ForkedBooter.java:373)
	at org.apache.maven.surefire.booter.ForkedBooter.runSuitesInProcess(ForkedBooter.java:334)
	at org.apache.maven.surefire.booter.ForkedBooter.execute(ForkedBooter.java:119)
	at org.apache.maven.surefire.booter.ForkedBooter.main(ForkedBooter.java:407)
Caused by: java.lang.ClassNotFoundException: org.apache.log.format.Formatter
	at java.net.URLClassLoader.findClass(URLClassLoader.java:381)
	at java.lang.ClassLoader.loadClass(ClassLoader.java:424)
	at sun.misc.Launcher$AppClassLoader.loadClass(Launcher.java:338)
	at java.lang.ClassLoader.loadClass(ClassLoader.java:357)
	... 35 more
2018-04-21 23:28:39,592 - Trying to use logger class org.apache.velocity.runtime.log.Log4JLogChute
2018-04-21 23:28:39,592 - Using logger class org.apache.velocity.runtime.log.Log4JLogChute
2018-04-21 23:28:39,594 - Default ResourceManager initializing. (class org.apache.velocity.runtime.resource.ResourceManagerImpl)
2018-04-21 23:28:39,595 - ResourceLoader instantiated: org.apache.velocity.runtime.resource.loader.FileResourceLoader
2018-04-21 23:28:39,598 - Do unicode file recognition:  false
2018-04-21 23:28:39,598 - FileResourceLoader : adding path '.'
2018-04-21 23:28:39,609 - ResourceCache: initialized (class org.apache.velocity.runtime.resource.ResourceCacheImpl)
2018-04-21 23:28:39,610 - Loaded System Directive: org.apache.velocity.runtime.directive.Literal
2018-04-21 23:28:39,611 - Loaded System Directive: org.apache.velocity.runtime.directive.Macro
2018-04-21 23:28:39,612 - Loaded System Directive: org.apache.velocity.runtime.directive.Parse
2018-04-21 23:28:39,612 - Loaded System Directive: org.apache.velocity.runtime.directive.Include
2018-04-21 23:28:39,613 - Loaded System Directive: org.apache.velocity.runtime.directive.Foreach
2018-04-21 23:28:39,634 - Created '20' parsers.
2018-04-21 23:28:39,638 - Velocimacro : "velocimacro.library" is not set.  Trying default library: VM_global_library.vm
2018-04-21 23:28:39,638 - Velocimacro : Default library not found.
2018-04-21 23:28:39,638 - Velocimacro : allowInline = true : VMs can be defined inline in templates
2018-04-21 23:28:39,638 - Velocimacro : allowInlineToOverride = false : VMs defined inline may NOT replace previous VM definitions
2018-04-21 23:28:39,638 - Velocimacro : allowInlineLocal = false : VMs defined inline will be global in scope if allowed.
2018-04-21 23:28:39,638 - Velocimacro : autoload off : VM system will not automatically reload global library macros
2018-04-21 23:51:33,981 - Log4JLogChute initialized using file 'velocity.log'
2018-04-21 23:51:33,981 - Velocity was not initialized! Calling init()...
2018-04-21 23:51:33,981 - Starting Apache Velocity v1.5 (compiled: 2007-02-22 08:52:29)
2018-04-21 23:51:33,981 - Default Properties File: org/apache/velocity/runtime/defaults/velocity.properties
2018-04-21 23:51:33,981 - Trying to use logger class org.apache.velocity.runtime.log.AvalonLogChute
2018-04-21 23:51:33,982 - Couldn't find class org.apache.velocity.runtime.log.AvalonLogChute or necessary supporting classes in classpath.
java.lang.NoClassDefFoundError: org/apache/log/format/Formatter
	at java.lang.Class.forName0(Native Method)
	at java.lang.Class.forName(Class.java:348)
	at org.apache.velocity.util.ClassUtils.getClass(ClassUtils.java:63)
	at org.apache.velocity.util.ClassUtils.getNewInstance(ClassUtils.java:95)
	at org.apache.velocity.runtime.log.LogManager.createLogChute(LogManager.java:147)
	at org.apache.velocity.runtime.log.LogManager.updateLog(LogManager.java:208)
	at org.apache.velocity.runtime.RuntimeInstance.initializeLog(RuntimeInstance.java:728)
	at org.apache.velocity.runtime.RuntimeInstance.init(RuntimeInstance.java:240)
	at org.apache.velocity.runtime.RuntimeInstance.parse(RuntimeInstance.java:993)
	at org.apache.velocity.runtime.RuntimeInstance.parse(RuntimeInstance.java:972)
	at org.apache.velocity.runtime.RuntimeSingleton.parse(RuntimeSingleton.java:265)
	at org.apache.velocity.app.Velocity.evaluate(Velocity.java:274)
	at org.sonatype.mavenbook.weather.WeatherFormatter.format(WeatherFormatter.java:21)
	at org.sonatype.mavenbook.weather.Main.start(Main.java:38)
	at org.sonatype.mavenbook.weather.Main.main(Main.java:21)
	at sun.reflect.NativeMethodAccessorImpl.invoke0(Native Method)
	at sun.reflect.NativeMethodAccessorImpl.invoke(NativeMethodAccessorImpl.java:62)
	at sun.reflect.DelegatingMethodAccessorImpl.invoke(DelegatingMethodAccessorImpl.java:43)
	at java.lang.reflect.Method.invoke(Method.java:498)
	at org.codehaus.mojo.exec.ExecJavaMojo$1.run(ExecJavaMojo.java:282)
	at java.lang.Thread.run(Thread.java:748)
Caused by: java.lang.ClassNotFoundException: org.apache.log.format.Formatter
	at java.net.URLClassLoader.findClass(URLClassLoader.java:381)
	at java.lang.ClassLoader.loadClass(ClassLoader.java:424)
	at java.lang.ClassLoader.loadClass(ClassLoader.java:357)
	... 21 more
2018-04-21 23:51:33,983 - Trying to use logger class org.apache.velocity.runtime.log.Log4JLogChute
2018-04-21 23:51:33,983 - Using logger class org.apache.velocity.runtime.log.Log4JLogChute
2018-04-21 23:51:33,984 - Default ResourceManager initializing. (class org.apache.velocity.runtime.resource.ResourceManagerImpl)
2018-04-21 23:51:33,998 - ResourceLoader instantiated: org.apache.velocity.runtime.resource.loader.FileResourceLoader
2018-04-21 23:51:33,999 - Do unicode file recognition:  false
2018-04-21 23:51:33,999 - FileResourceLoader : adding path '.'
2018-04-21 23:51:34,006 - ResourceCache: initialized (class org.apache.velocity.runtime.resource.ResourceCacheImpl)
2018-04-21 23:51:34,007 - Loaded System Directive: org.apache.velocity.runtime.directive.Literal
2018-04-21 23:51:34,008 - Loaded System Directive: org.apache.velocity.runtime.directive.Macro
2018-04-21 23:51:34,008 - Loaded System Directive: org.apache.velocity.runtime.directive.Parse
2018-04-21 23:51:34,019 - Loaded System Directive: org.apache.velocity.runtime.directive.Include
2018-04-21 23:51:34,020 - Loaded System Directive: org.apache.velocity.runtime.directive.Foreach
2018-04-21 23:51:34,054 - Created '20' parsers.
2018-04-21 23:51:34,057 - Velocimacro : "velocimacro.library" is not set.  Trying default library: VM_global_library.vm
2018-04-21 23:51:34,057 - Velocimacro : Default library not found.
2018-04-21 23:51:34,057 - Velocimacro : allowInline = true : VMs can be defined inline in templates
2018-04-21 23:51:34,057 - Velocimacro : allowInlineToOverride = false : VMs defined inline may NOT replace previous VM definitions
2018-04-21 23:51:34,057 - Velocimacro : allowInlineLocal = false : VMs defined inline will be global in scope if allowed.
2018-04-21 23:51:34,057 - Velocimacro : autoload off : VM system will not automatically reload global library macros
2018-04-21 23:59:46,436 - Log4JLogChute initialized using file 'velocity.log'
2018-04-21 23:59:46,436 - Velocity was not initialized! Calling init()...
2018-04-21 23:59:46,436 - Starting Apache Velocity v1.5 (compiled: 2007-02-22 08:52:29)
2018-04-21 23:59:46,436 - Default Properties File: org/apache/velocity/runtime/defaults/velocity.properties
2018-04-21 23:59:46,436 - Trying to use logger class org.apache.velocity.runtime.log.AvalonLogChute
2018-04-21 23:59:46,437 - Couldn't find class org.apache.velocity.runtime.log.AvalonLogChute or necessary supporting classes in classpath.
java.lang.NoClassDefFoundError: org/apache/log/format/Formatter
	at java.lang.Class.forName0(Native Method)
	at java.lang.Class.forName(Class.java:348)
	at org.apache.velocity.util.ClassUtils.getClass(ClassUtils.java:63)
	at org.apache.velocity.util.ClassUtils.getNewInstance(ClassUtils.java:95)
	at org.apache.velocity.runtime.log.LogManager.createLogChute(LogManager.java:147)
	at org.apache.velocity.runtime.log.LogManager.updateLog(LogManager.java:208)
	at org.apache.velocity.runtime.RuntimeInstance.initializeLog(RuntimeInstance.java:728)
	at org.apache.velocity.runtime.RuntimeInstance.init(RuntimeInstance.java:240)
	at org.apache.velocity.runtime.RuntimeInstance.parse(RuntimeInstance.java:993)
	at org.apache.velocity.runtime.RuntimeInstance.parse(RuntimeInstance.java:972)
	at org.apache.velocity.runtime.RuntimeSingleton.parse(RuntimeSingleton.java:265)
	at org.apache.velocity.app.Velocity.evaluate(Velocity.java:274)
	at org.sonatype.mavenbook.weather.WeatherFormatter.format(WeatherFormatter.java:21)
	at org.sonatype.mavenbook.weather.WeatherFormatterTest.testFormat(WeatherFormatterTest.java:23)
	at sun.reflect.NativeMethodAccessorImpl.invoke0(Native Method)
	at sun.reflect.NativeMethodAccessorImpl.invoke(NativeMethodAccessorImpl.java:62)
	at sun.reflect.DelegatingMethodAccessorImpl.invoke(DelegatingMethodAccessorImpl.java:43)
	at java.lang.reflect.Method.invoke(Method.java:498)
	at junit.framework.TestCase.runTest(TestCase.java:176)
	at junit.framework.TestCase.runBare(TestCase.java:141)
	at junit.framework.TestResult$1.protect(TestResult.java:122)
	at junit.framework.TestResult.runProtected(TestResult.java:142)
	at junit.framework.TestResult.run(TestResult.java:125)
	at junit.framework.TestCase.run(TestCase.java:129)
	at junit.framework.TestSuite.runTest(TestSuite.java:255)
	at junit.framework.TestSuite.run(TestSuite.java:250)
	at org.junit.internal.runners.JUnit38ClassRunner.run(JUnit38ClassRunner.java:84)
	at org.apache.maven.surefire.junit4.JUnit4Provider.execute(JUnit4Provider.java:369)
	at org.apache.maven.surefire.junit4.JUnit4Provider.executeWithRerun(JUnit4Provider.java:275)
	at org.apache.maven.surefire.junit4.JUnit4Provider.executeTestSet(JUnit4Provider.java:239)
	at org.apache.maven.surefire.junit4.JUnit4Provider.invoke(JUnit4Provider.java:160)
	at org.apache.maven.surefire.booter.ForkedBooter.invokeProviderInSameClassLoader(ForkedBooter.java:373)
	at org.apache.maven.surefire.booter.ForkedBooter.runSuitesInProcess(ForkedBooter.java:334)
	at org.apache.maven.surefire.booter.ForkedBooter.execute(ForkedBooter.java:119)
	at org.apache.maven.surefire.booter.ForkedBooter.main(ForkedBooter.java:407)
Caused by: java.lang.ClassNotFoundException: org.apache.log.format.Formatter
	at java.net.URLClassLoader.findClass(URLClassLoader.java:381)
	at java.lang.ClassLoader.loadClass(ClassLoader.java:424)
	at sun.misc.Launcher$AppClassLoader.loadClass(Launcher.java:338)
	at java.lang.ClassLoader.loadClass(ClassLoader.java:357)
	... 35 more
2018-04-21 23:59:46,439 - Trying to use logger class org.apache.velocity.runtime.log.Log4JLogChute
2018-04-21 23:59:46,439 - Using logger class org.apache.velocity.runtime.log.Log4JLogChute
2018-04-21 23:59:46,440 - Default ResourceManager initializing. (class org.apache.velocity.runtime.resource.ResourceManagerImpl)
2018-04-21 23:59:46,444 - ResourceLoader instantiated: org.apache.velocity.runtime.resource.loader.FileResourceLoader
2018-04-21 23:59:46,445 - Do unicode file recognition:  false
2018-04-21 23:59:46,445 - FileResourceLoader : adding path '.'
2018-04-21 23:59:46,455 - ResourceCache: initialized (class org.apache.velocity.runtime.resource.ResourceCacheImpl)
2018-04-21 23:59:46,456 - Loaded System Directive: org.apache.velocity.runtime.directive.Literal
2018-04-21 23:59:46,459 - Loaded System Directive: org.apache.velocity.runtime.directive.Macro
2018-04-21 23:59:46,460 - Loaded System Directive: org.apache.velocity.runtime.directive.Parse
2018-04-21 23:59:46,460 - Loaded System Directive: org.apache.velocity.runtime.directive.Include
2018-04-21 23:59:46,461 - Loaded System Directive: org.apache.velocity.runtime.directive.Foreach
2018-04-21 23:59:46,482 - Created '20' parsers.
2018-04-21 23:59:46,486 - Velocimacro : "velocimacro.library" is not set.  Trying default library: VM_global_library.vm
2018-04-21 23:59:46,486 - Velocimacro : Default library not found.
2018-04-21 23:59:46,486 - Velocimacro : allowInline = true : VMs can be defined inline in templates
2018-04-21 23:59:46,486 - Velocimacro : allowInlineToOverride = false : VMs defined inline may NOT replace previous VM definitions
2018-04-21 23:59:46,486 - Velocimacro : allowInlineLocal = false : VMs defined inline will be global in scope if allowed.
2018-04-21 23:59:46,486 - Velocimacro : autoload off : VM system will not automatically reload global library macros
2018-04-27 00:53:29,609 - Log4JLogChute initialized using file 'velocity.log'
2018-04-27 00:53:29,610 - Velocity was not initialized! Calling init()...
2018-04-27 00:53:29,611 - Starting Apache Velocity v1.5 (compiled: 2007-02-22 08:52:29)
2018-04-27 00:53:29,611 - Default Properties File: org/apache/velocity/runtime/defaults/velocity.properties
2018-04-27 00:53:29,611 - Trying to use logger class org.apache.velocity.runtime.log.AvalonLogChute
2018-04-27 00:53:29,611 - Couldn't find class org.apache.velocity.runtime.log.AvalonLogChute or necessary supporting classes in classpath.
java.lang.NoClassDefFoundError: org/apache/log/format/Formatter
	at java.lang.Class.forName0(Native Method)
	at java.lang.Class.forName(Class.java:348)
	at org.apache.velocity.util.ClassUtils.getClass(ClassUtils.java:63)
	at org.apache.velocity.util.ClassUtils.getNewInstance(ClassUtils.java:95)
	at org.apache.velocity.runtime.log.LogManager.createLogChute(LogManager.java:147)
	at org.apache.velocity.runtime.log.LogManager.updateLog(LogManager.java:208)
	at org.apache.velocity.runtime.RuntimeInstance.initializeLog(RuntimeInstance.java:728)
	at org.apache.velocity.runtime.RuntimeInstance.init(RuntimeInstance.java:240)
	at org.apache.velocity.runtime.RuntimeInstance.parse(RuntimeInstance.java:993)
	at org.apache.velocity.runtime.RuntimeInstance.parse(RuntimeInstance.java:972)
	at org.apache.velocity.runtime.RuntimeSingleton.parse(RuntimeSingleton.java:265)
	at org.apache.velocity.app.Velocity.evaluate(Velocity.java:274)
	at org.sonatype.mavenbook.weather.WeatherFormatter.format(WeatherFormatter.java:21)
	at org.sonatype.mavenbook.weather.WeatherFormatterTest.testFormat(WeatherFormatterTest.java:23)
	at sun.reflect.NativeMethodAccessorImpl.invoke0(Native Method)
	at sun.reflect.NativeMethodAccessorImpl.invoke(NativeMethodAccessorImpl.java:62)
	at sun.reflect.DelegatingMethodAccessorImpl.invoke(DelegatingMethodAccessorImpl.java:43)
	at java.lang.reflect.Method.invoke(Method.java:498)
	at junit.framework.TestCase.runTest(TestCase.java:176)
	at junit.framework.TestCase.runBare(TestCase.java:141)
	at junit.framework.TestResult$1.protect(TestResult.java:122)
	at junit.framework.TestResult.runProtected(TestResult.java:142)
	at junit.framework.TestResult.run(TestResult.java:125)
	at junit.framework.TestCase.run(TestCase.java:129)
	at junit.framework.TestSuite.runTest(TestSuite.java:255)
	at junit.framework.TestSuite.run(TestSuite.java:250)
	at org.junit.internal.runners.JUnit38ClassRunner.run(JUnit38ClassRunner.java:84)
	at org.apache.maven.surefire.junit4.JUnit4Provider.execute(JUnit4Provider.java:369)
	at org.apache.maven.surefire.junit4.JUnit4Provider.executeWithRerun(JUnit4Provider.java:275)
	at org.apache.maven.surefire.junit4.JUnit4Provider.executeTestSet(JUnit4Provider.java:239)
	at org.apache.maven.surefire.junit4.JUnit4Provider.invoke(JUnit4Provider.java:160)
	at org.apache.maven.surefire.booter.ForkedBooter.invokeProviderInSameClassLoader(ForkedBooter.java:373)
	at org.apache.maven.surefire.booter.ForkedBooter.runSuitesInProcess(ForkedBooter.java:334)
	at org.apache.maven.surefire.booter.ForkedBooter.execute(ForkedBooter.java:119)
	at org.apache.maven.surefire.booter.ForkedBooter.main(ForkedBooter.java:407)
Caused by: java.lang.ClassNotFoundException: org.apache.log.format.Formatter
	at java.net.URLClassLoader.findClass(URLClassLoader.java:381)
	at java.lang.ClassLoader.loadClass(ClassLoader.java:424)
	at sun.misc.Launcher$AppClassLoader.loadClass(Launcher.java:338)
	at java.lang.ClassLoader.loadClass(ClassLoader.java:357)
	... 35 more
2018-04-27 00:53:29,613 - Trying to use logger class org.apache.velocity.runtime.log.Log4JLogChute
2018-04-27 00:53:29,613 - Using logger class org.apache.velocity.runtime.log.Log4JLogChute
2018-04-27 00:53:29,614 - Default ResourceManager initializing. (class org.apache.velocity.runtime.resource.ResourceManagerImpl)
2018-04-27 00:53:29,616 - ResourceLoader instantiated: org.apache.velocity.runtime.resource.loader.FileResourceLoader
2018-04-27 00:53:29,621 - Do unicode file recognition:  false
2018-04-27 00:53:29,621 - FileResourceLoader : adding path '.'
2018-04-27 00:53:29,631 - ResourceCache: initialized (class org.apache.velocity.runtime.resource.ResourceCacheImpl)
2018-04-27 00:53:29,632 - Loaded System Directive: org.apache.velocity.runtime.directive.Literal
2018-04-27 00:53:29,633 - Loaded System Directive: org.apache.velocity.runtime.directive.Macro
2018-04-27 00:53:29,633 - Loaded System Directive: org.apache.velocity.runtime.directive.Parse
2018-04-27 00:53:29,634 - Loaded System Directive: org.apache.velocity.runtime.directive.Include
2018-04-27 00:53:29,635 - Loaded System Directive: org.apache.velocity.runtime.directive.Foreach
2018-04-27 00:53:29,657 - Created '20' parsers.
2018-04-27 00:53:29,660 - Velocimacro : "velocimacro.library" is not set.  Trying default library: VM_global_library.vm
2018-04-27 00:53:29,660 - Velocimacro : Default library not found.
2018-04-27 00:53:29,660 - Velocimacro : allowInline = true : VMs can be defined inline in templates
2018-04-27 00:53:29,660 - Velocimacro : allowInlineToOverride = false : VMs defined inline may NOT replace previous VM definitions
2018-04-27 00:53:29,660 - Velocimacro : allowInlineLocal = false : VMs defined inline will be global in scope if allowed.
2018-04-27 00:53:29,660 - Velocimacro : autoload off : VM system will not automatically reload global library macros
2018-04-27 00:56:24,066 - Log4JLogChute initialized using file 'velocity.log'
2018-04-27 00:56:24,066 - Velocity was not initialized! Calling init()...
2018-04-27 00:56:24,067 - Starting Apache Velocity v1.5 (compiled: 2007-02-22 08:52:29)
2018-04-27 00:56:24,067 - Default Properties File: org/apache/velocity/runtime/defaults/velocity.properties
2018-04-27 00:56:24,067 - Trying to use logger class org.apache.velocity.runtime.log.AvalonLogChute
2018-04-27 00:56:24,067 - Couldn't find class org.apache.velocity.runtime.log.AvalonLogChute or necessary supporting classes in classpath.
java.lang.NoClassDefFoundError: org/apache/log/format/Formatter
	at java.lang.Class.forName0(Native Method)
	at java.lang.Class.forName(Class.java:348)
	at org.apache.velocity.util.ClassUtils.getClass(ClassUtils.java:63)
	at org.apache.velocity.util.ClassUtils.getNewInstance(ClassUtils.java:95)
	at org.apache.velocity.runtime.log.LogManager.createLogChute(LogManager.java:147)
	at org.apache.velocity.runtime.log.LogManager.updateLog(LogManager.java:208)
	at org.apache.velocity.runtime.RuntimeInstance.initializeLog(RuntimeInstance.java:728)
	at org.apache.velocity.runtime.RuntimeInstance.init(RuntimeInstance.java:240)
	at org.apache.velocity.runtime.RuntimeInstance.parse(RuntimeInstance.java:993)
	at org.apache.velocity.runtime.RuntimeInstance.parse(RuntimeInstance.java:972)
	at org.apache.velocity.runtime.RuntimeSingleton.parse(RuntimeSingleton.java:265)
	at org.apache.velocity.app.Velocity.evaluate(Velocity.java:274)
	at org.sonatype.mavenbook.weather.WeatherFormatter.format(WeatherFormatter.java:21)
	at org.sonatype.mavenbook.weather.WeatherFormatterTest.testFormat(WeatherFormatterTest.java:23)
	at sun.reflect.NativeMethodAccessorImpl.invoke0(Native Method)
	at sun.reflect.NativeMethodAccessorImpl.invoke(NativeMethodAccessorImpl.java:62)
	at sun.reflect.DelegatingMethodAccessorImpl.invoke(DelegatingMethodAccessorImpl.java:43)
	at java.lang.reflect.Method.invoke(Method.java:498)
	at junit.framework.TestCase.runTest(TestCase.java:176)
	at junit.framework.TestCase.runBare(TestCase.java:141)
	at junit.framework.TestResult$1.protect(TestResult.java:122)
	at junit.framework.TestResult.runProtected(TestResult.java:142)
	at junit.framework.TestResult.run(TestResult.java:125)
	at junit.framework.TestCase.run(TestCase.java:129)
	at junit.framework.TestSuite.runTest(TestSuite.java:255)
	at junit.framework.TestSuite.run(TestSuite.java:250)
	at org.junit.internal.runners.JUnit38ClassRunner.run(JUnit38ClassRunner.java:84)
	at org.apache.maven.surefire.junit4.JUnit4Provider.execute(JUnit4Provider.java:369)
	at org.apache.maven.surefire.junit4.JUnit4Provider.executeWithRerun(JUnit4Provider.java:275)
	at org.apache.maven.surefire.junit4.JUnit4Provider.executeTestSet(JUnit4Provider.java:239)
	at org.apache.maven.surefire.junit4.JUnit4Provider.invoke(JUnit4Provider.java:160)
	at org.apache.maven.surefire.booter.ForkedBooter.invokeProviderInSameClassLoader(ForkedBooter.java:373)
	at org.apache.maven.surefire.booter.ForkedBooter.runSuitesInProcess(ForkedBooter.java:334)
	at org.apache.maven.surefire.booter.ForkedBooter.execute(ForkedBooter.java:119)
	at org.apache.maven.surefire.booter.ForkedBooter.main(ForkedBooter.java:407)
Caused by: java.lang.ClassNotFoundException: org.apache.log.format.Formatter
	at java.net.URLClassLoader.findClass(URLClassLoader.java:381)
	at java.lang.ClassLoader.loadClass(ClassLoader.java:424)
	at sun.misc.Launcher$AppClassLoader.loadClass(Launcher.java:338)
	at java.lang.ClassLoader.loadClass(ClassLoader.java:357)
	... 35 more
2018-04-27 00:56:24,069 - Trying to use logger class org.apache.velocity.runtime.log.Log4JLogChute
2018-04-27 00:56:24,069 - Using logger class org.apache.velocity.runtime.log.Log4JLogChute
2018-04-27 00:56:24,070 - Default ResourceManager initializing. (class org.apache.velocity.runtime.resource.ResourceManagerImpl)
2018-04-27 00:56:24,076 - ResourceLoader instantiated: org.apache.velocity.runtime.resource.loader.FileResourceLoader
2018-04-27 00:56:24,076 - Do unicode file recognition:  false
2018-04-27 00:56:24,077 - FileResourceLoader : adding path '.'
2018-04-27 00:56:24,086 - ResourceCache: initialized (class org.apache.velocity.runtime.resource.ResourceCacheImpl)
2018-04-27 00:56:24,087 - Loaded System Directive: org.apache.velocity.runtime.directive.Literal
2018-04-27 00:56:24,088 - Loaded System Directive: org.apache.velocity.runtime.directive.Macro
2018-04-27 00:56:24,088 - Loaded System Directive: org.apache.velocity.runtime.directive.Parse
2018-04-27 00:56:24,089 - Loaded System Directive: org.apache.velocity.runtime.directive.Include
2018-04-27 00:56:24,090 - Loaded System Directive: org.apache.velocity.runtime.directive.Foreach
2018-04-27 00:56:24,110 - Created '20' parsers.
2018-04-27 00:56:24,113 - Velocimacro : "velocimacro.library" is not set.  Trying default library: VM_global_library.vm
2018-04-27 00:56:24,113 - Velocimacro : Default library not found.
2018-04-27 00:56:24,113 - Velocimacro : allowInline = true : VMs can be defined inline in templates
2018-04-27 00:56:24,113 - Velocimacro : allowInlineToOverride = false : VMs defined inline may NOT replace previous VM definitions
2018-04-27 00:56:24,113 - Velocimacro : allowInlineLocal = false : VMs defined inline will be global in scope if allowed.
2018-04-27 00:56:24,113 - Velocimacro : autoload off : VM system will not automatically reload global library macros
